# JRE version: OpenJDK Runtime Environment (8.0_141-b15) (build 1.8.0_141-8u141-b15-3-b15)
# Java VM: OpenJDK 64-Bit Server VM (25.141-b15 mixed mode linux-amd64 compressed oops)
Heap:
 PSYoungGen      total 397312K, used 24580K [0x00000000e1200000, 0x00000000fb300000, 0x0000000100000000)
  eden space 372224K, 0% used [0x00000000e1200000,0x00000000e1200000,0x00000000f7d80000)
  from space 25088K, 97% used [0x00000000f7d80000,0x00000000f95813d0,0x00000000f9600000)
  to   space 21504K, 0% used [0x00000000f9600000,0x00000000f9600000,0x00000000fab00000)
 ParOldGen       total 109056K, used 54788K [0x00000000a3600000, 0x00000000aa080000, 0x00000000e1200000)
  object space 109056K, 50% used [0x00000000a3600000,0x00000000a6b813f0,0x00000000aa080000)
 Metaspace       used 48854K, capacity 49666K, committed 49920K, reserved 1093632K
  class space    used 6174K, capacity 6387K, committed 6400K, reserved 1048576K
GC Heap History (10 events):
Event: 13.336 GC heap after
Heap after GC invocations=12 (full 1):
 PSYoungGen      total 227840K, used 7486K [0x00000000e1200000, 0x00000000f4980000, 0x0000000100000000)
  eden space 212480K, 0% used [0x00000000e1200000,0x00000000e1200000,0x00000000ee180000)
  from space 15360K, 48% used [0x00000000ee180000,0x00000000ee8cf9f0,0x00000000ef080000)
  to   space 14336K, 0% used [0x00000000f3b80000,0x00000000f3b80000,0x00000000f4980000)
 ParOldGen       total 50176K, used 30320K [0x00000000a3600000, 0x00000000a6700000, 0x00000000e1200000)
  object space 50176K, 60% used [0x00000000a3600000,0x00000000a539c230,0x00000000a6700000)
 Metaspace       used 29655K, capacity 30222K, committed 30336K, reserved 1075200K
  class space    used 3804K, capacity 3965K, committed 3968K, reserved 1048576K
}
Event: 17.789 GC heap before
{Heap before GC invocations=13 (full 1):
 PSYoungGen      total 227840K, used 219966K [0x00000000e1200000, 0x00000000f4980000, 0x0000000100000000)
  eden space 212480K, 100% used [0x00000000e1200000,0x00000000ee180000,0x00000000ee180000)
  from space 15360K, 48% used [0x00000000ee180000,0x00000000ee8cf9f0,0x00000000ef080000)
  to   space 14336K, 0% used [0x00000000f3b80000,0x00000000f3b80000,0x00000000f4980000)
 ParOldGen       total 50176K, used 30320K [0x00000000a3600000, 0x00000000a6700000, 0x00000000e1200000)
  object space 50176K, 60% used [0x00000000a3600000,0x00000000a539c230,0x00000000a6700000)
 Metaspace       used 29666K, capacity 30286K, committed 30592K, reserved 1075200K
  class space    used 3805K, capacity 3965K, committed 3968K, reserved 1048576K
Event: 17.804 GC heap after
Heap after GC invocations=13 (full 1):
 PSYoungGen      total 291328K, used 8848K [0x00000000e1200000, 0x00000000f4480000, 0x0000000100000000)
  eden space 282112K, 0% used [0x00000000e1200000,0x00000000e1200000,0x00000000f2580000)
  from space 9216K, 96% used [0x00000000f3b80000,0x00000000f4424320,0x00000000f4480000)
  to   space 14336K, 0% used [0x00000000f2880000,0x00000000f2880000,0x00000000f3680000)
 ParOldGen       total 50176K, used 30440K [0x00000000a3600000, 0x00000000a6700000, 0x00000000e1200000)
  object space 50176K, 60% used [0x00000000a3600000,0x00000000a53ba240,0x00000000a6700000)
 Metaspace       used 29666K, capacity 30286K, committed 30592K, reserved 1075200K
  class space    used 3805K, capacity 3965K, committed 3968K, reserved 1048576K
}
Event: 19.637 GC heap before
{Heap before GC invocations=14 (full 1):
 PSYoungGen      total 291328K, used 290960K [0x00000000e1200000, 0x00000000f4480000, 0x0000000100000000)
  eden space 282112K, 100% used [0x00000000e1200000,0x00000000f2580000,0x00000000f2580000)
  from space 9216K, 96% used [0x00000000f3b80000,0x00000000f4424320,0x00000000f4480000)
  to   space 14336K, 0% used [0x00000000f2880000,0x00000000f2880000,0x00000000f3680000)
 ParOldGen       total 50176K, used 30440K [0x00000000a3600000, 0x00000000a6700000, 0x00000000e1200000)
  object space 50176K, 60% used [0x00000000a3600000,0x00000000a53ba240,0x00000000a6700000)
 Metaspace       used 30269K, capacity 30886K, committed 31232K, reserved 1077248K
  class space    used 3880K, capacity 4033K, committed 4096K, reserved 1048576K
Event: 19.688 GC heap after
Heap after GC invocations=14 (full 1):
 PSYoungGen      total 299520K, used 14304K [0x00000000e1200000, 0x00000000fab00000, 0x0000000100000000)
  eden space 285184K, 0% used [0x00000000e1200000,0x00000000e1200000,0x00000000f2880000)
  from space 14336K, 99% used [0x00000000f2880000,0x00000000f36781c0,0x00000000f3680000)
  to   space 21504K, 0% used [0x00000000f9600000,0x00000000f9600000,0x00000000fab00000)
 ParOldGen       total 50176K, used 44951K [0x00000000a3600000, 0x00000000a6700000, 0x00000000e1200000)
  object space 50176K, 89% used [0x00000000a3600000,0x00000000a61e5e50,0x00000000a6700000)
 Metaspace       used 30269K, capacity 30886K, committed 31232K, reserved 1077248K
  class space    used 3880K, capacity 4033K, committed 4096K, reserved 1048576K
}
Event: 19.688 GC heap before
{Heap before GC invocations=15 (full 2):
 PSYoungGen      total 299520K, used 14304K [0x00000000e1200000, 0x00000000fab00000, 0x0000000100000000)
  eden space 285184K, 0% used [0x00000000e1200000,0x00000000e1200000,0x00000000f2880000)
  from space 14336K, 99% used [0x00000000f2880000,0x00000000f36781c0,0x00000000f3680000)
  to   space 21504K, 0% used [0x00000000f9600000,0x00000000f9600000,0x00000000fab00000)
 ParOldGen       total 50176K, used 44951K [0x00000000a3600000, 0x00000000a6700000, 0x00000000e1200000)
  object space 50176K, 89% used [0x00000000a3600000,0x00000000a61e5e50,0x00000000a6700000)
 Metaspace       used 30269K, capacity 30886K, committed 31232K, reserved 1077248K
  class space    used 3880K, capacity 4033K, committed 4096K, reserved 1048576K
Event: 19.996 GC heap after
Heap after GC invocations=15 (full 2):
 PSYoungGen      total 299520K, used 0K [0x00000000e1200000, 0x00000000fab00000, 0x0000000100000000)
  eden space 285184K, 0% used [0x00000000e1200000,0x00000000e1200000,0x00000000f2880000)
  from space 14336K, 0% used [0x00000000f2880000,0x00000000f2880000,0x00000000f3680000)
  to   space 21504K, 0% used [0x00000000f9600000,0x00000000f9600000,0x00000000fab00000)
 ParOldGen       total 109056K, used 47469K [0x00000000a3600000, 0x00000000aa080000, 0x00000000e1200000)
  object space 109056K, 43% used [0x00000000a3600000,0x00000000a645b560,0x00000000aa080000)
 Metaspace       used 30269K, capacity 30886K, committed 31232K, reserved 1077248K
  class space    used 3880K, capacity 4033K, committed 4096K, reserved 1048576K
}
Event: 22.327 GC heap before
{Heap before GC invocations=16 (full 2):
 PSYoungGen      total 299520K, used 285184K [0x00000000e1200000, 0x00000000fab00000, 0x0000000100000000)
  eden space 285184K, 100% used [0x00000000e1200000,0x00000000f2880000,0x00000000f2880000)
  from space 14336K, 0% used [0x00000000f2880000,0x00000000f2880000,0x00000000f3680000)
  to   space 21504K, 0% used [0x00000000f9600000,0x00000000f9600000,0x00000000fab00000)
 ParOldGen       total 109056K, used 47469K [0x00000000a3600000, 0x00000000aa080000, 0x00000000e1200000)
  object space 109056K, 43% used [0x00000000a3600000,0x00000000a645b560,0x00000000aa080000)
 Metaspace       used 33536K, capacity 34092K, committed 34432K, reserved 1079296K
  class space    used 4281K, capacity 4418K, committed 4480K, reserved 1048576K
Event: 22.391 GC heap after
Heap after GC invocations=16 (full 2):
 PSYoungGen      total 393728K, used 21492K [0x00000000e1200000, 0x00000000fb300000, 0x0000000100000000)
  eden space 372224K, 0% used [0x00000000e1200000,0x00000000e1200000,0x00000000f7d80000)
  from space 21504K, 99% used [0x00000000f9600000,0x00000000faafd2d0,0x00000000fab00000)
  to   space 25088K, 0% used [0x00000000f7d80000,0x00000000f7d80000,0x00000000f9600000)
 ParOldGen       total 109056K, used 48056K [0x00000000a3600000, 0x00000000aa080000, 0x00000000e1200000)
  object space 109056K, 44% used [0x00000000a3600000,0x00000000a64ee3f0,0x00000000aa080000)
 Metaspace       used 33536K, capacity 34092K, committed 34432K, reserved 1079296K
  class space    used 4281K, capacity 4418K, committed 4480K, reserved 1048576K
}
Event: 28.776 GC heap before
{Heap before GC invocations=17 (full 2):
 PSYoungGen      total 393728K, used 393716K [0x00000000e1200000, 0x00000000fb300000, 0x0000000100000000)
  eden space 372224K, 100% used [0x00000000e1200000,0x00000000f7d80000,0x00000000f7d80000)
  from space 21504K, 99% used [0x00000000f9600000,0x00000000faafd2d0,0x00000000fab00000)
  to   space 25088K, 0% used [0x00000000f7d80000,0x00000000f7d80000,0x00000000f9600000)
 ParOldGen       total 109056K, used 48056K [0x00000000a3600000, 0x00000000aa080000, 0x00000000e1200000)
  object space 109056K, 44% used [0x00000000a3600000,0x00000000a64ee3f0,0x00000000aa080000)
 Metaspace       used 48854K, capacity 49666K, committed 49920K, reserved 1093632K
  class space    used 6174K, capacity 6387K, committed 6400K, reserved 1048576K

